-------------------------------------------------------------------------------
Test set: com.snhu.server.ServerApplicationTests
-------------------------------------------------------------------------------
Tests run: 1, Failures: 0, Errors: 1, Skipped: 0, Time elapsed: 6.392 s <<< FAILURE! - in com.snhu.server.ServerApplicationTests
com.snhu.server.ServerApplicationTests  Time elapsed: 6.39 s  <<< ERROR!
java.lang.IllegalStateException: Unable to find a @SpringBootConfiguration, you need to use @ContextConfiguration or @SpringBootTest(classes=...) with your test

